<?xml version="1.0" encoding="UTF-8"?>
<testsuite xmlns:xsi="http://www.w3.org/2001/XMLSchema-instance" xsi:noNamespaceSchemaLocation="https://maven.apache.org/surefire/maven-surefire-plugin/xsd/surefire-test-report.xsd" name="conduitApp.ConduitTest" time="19.861" tests="1" errors="0" skipped="0" failures="1">
  <properties>
[...]
</properties>
  <testcase name="testParallel" classname="conduitApp.ConduitTest" time="19.856">
    <failure message="match failed: EQUALS&#10;  $ | not equal (STRING:STRING)&#10;  &apos;165&apos;&#10;  &apos;150&apos;&#10;&#10;classpath:conduitApp/feature/WorkWithDB.feature:48 ==&gt; expected: &lt;true&gt; but was: &lt;false&gt;" type="org.opentest4j.AssertionFailedError"><![CDATA[org.opentest4j.AssertionFailedError: 
match failed: EQUALS
  $ | not equal (STRING:STRING)
  '165'
  '150'

classpath:conduitApp/feature/WorkWithDB.feature:48 ==> expected: <true> but was: <false>
	at conduitApp.ConduitTest.testParallel(ConduitTest.java:27)
]]></failure>
    <system-out><![CDATA[13:57:11.020 [main] INFO  com.intuit.karate.Runner - using system property 'karate.options': --tags ~@ignore
13:57:12.581 [main] INFO  com.intuit.karate - karate.env system property was: null 
13:57:12.778 [main] INFO  com.intuit.karate - >> lock acquired, begin callonce: read('classpath:helpers/CreateToken.feature') {"email": "SpencerH1417@gmail.com","password": "Corncake21"}
13:57:13.566 [main] INFO  com.intuit.karate - << lock released, cached callonce: read('classpath:helpers/CreateToken.feature') {"email": "SpencerH1417@gmail.com","password": "Corncake21"}
13:57:13.817 [main] INFO  com.intuit.karate - karate.env system property was: null 
---------------------------------------------------------
feature: classpath:conduitApp/feature/Articles.feature
scenarios:  2 | passed:  2 | failed:  0 | time: 3.1036
---------------------------------------------------------

13:57:16.515 [main] INFO  com.intuit.karate.Suite - <<pass>> feature 1 of 7 (0 remaining) classpath:conduitApp/feature/Articles.feature
13:57:16.524 [main] INFO  com.intuit.karate - karate.env system property was: null 
13:57:16.532 [main] INFO  com.intuit.karate - karate.env system property was: null 
---------------------------------------------------------
feature: classpath:conduitApp/feature/Favorites.feature
scenarios:  2 | passed:  2 | failed:  0 | time: 0.0028
---------------------------------------------------------

13:57:16.600 [main] INFO  com.intuit.karate.Suite - <<pass>> feature 2 of 7 (0 remaining) classpath:conduitApp/feature/Favorites.feature
13:57:16.604 [main] INFO  com.intuit.karate - karate.env system property was: null 
13:57:17.092 [main] INFO  com.intuit.karate - karate.env system property was: null 
13:57:18.024 [main] INFO  com.intuit.karate - karate.env system property was: null 
13:57:19.992 [main] INFO  com.intuit.karate - karate.env system property was: null 
13:57:25.901 [main] INFO  com.intuit.karate - karate.env system property was: null 
13:57:25.911 [main] INFO  com.intuit.karate - karate.env system property was: null 
---------------------------------------------------------
feature: classpath:conduitApp/feature/HomePage.feature
scenarios:  6 | passed:  6 | failed:  0 | time: 9.2887
---------------------------------------------------------

13:57:26.027 [main] INFO  com.intuit.karate.Suite - <<pass>> feature 3 of 7 (0 remaining) classpath:conduitApp/feature/HomePage.feature
13:57:26.032 [main] INFO  com.intuit.karate - karate.env system property was: null 
13:57:26.034 [main] INFO  com.intuit.karate - [print] This is first scenario 
13:57:26.035 [main] INFO  com.intuit.karate - After Scenario Text 
13:57:26.038 [main] INFO  com.intuit.karate - karate.env system property was: null 
13:57:26.040 [main] INFO  com.intuit.karate - [print] This is second scenario 
13:57:26.040 [main] INFO  com.intuit.karate - After Scenario Text 
13:57:26.041 [main] INFO  com.intuit.karate - After Feature Text 
---------------------------------------------------------
feature: classpath:conduitApp/feature/Hooks.feature
scenarios:  2 | passed:  2 | failed:  0 | time: 0.0031
---------------------------------------------------------

13:57:26.086 [main] INFO  com.intuit.karate.Suite - <<pass>> feature 4 of 7 (0 remaining) classpath:conduitApp/feature/Hooks.feature
13:57:26.090 [main] INFO  com.intuit.karate - karate.env system property was: null 
13:57:26.403 [main] INFO  com.intuit.karate - karate.env system property was: null 
13:57:26.614 [main] INFO  com.intuit.karate - karate.env system property was: null 
13:57:26.827 [main] INFO  com.intuit.karate - karate.env system property was: null 
13:57:27.041 [main] INFO  com.intuit.karate - karate.env system property was: null 
13:57:27.247 [main] INFO  com.intuit.karate - karate.env system property was: null 
13:57:27.612 [main] INFO  com.intuit.karate - karate.env system property was: null 
13:57:27.973 [main] INFO  com.intuit.karate - karate.env system property was: null 
---------------------------------------------------------
feature: classpath:conduitApp/feature/SignUp.feature
scenarios:  8 | passed:  8 | failed:  0 | time: 2.0155
---------------------------------------------------------

13:57:28.306 [main] INFO  com.intuit.karate.Suite - <<pass>> feature 5 of 7 (0 remaining) classpath:conduitApp/feature/SignUp.feature
13:57:28.309 [main] INFO  com.intuit.karate - karate.env system property was: null 
13:57:28.692 [main] INFO  com.intuit.karate - karate.env system property was: null 
13:57:28.716 [main] INFO  com.intuit.karate - karate.env system property was: null 
13:57:28.738 [main] INFO  com.intuit.karate - karate.env system property was: null 
13:57:28.759 [main] INFO  com.intuit.karate - karate.env system property was: null 
13:57:28.782 [main] INFO  com.intuit.karate - karate.env system property was: null 
13:57:28.832 [main] INFO  com.intuit.karate - karate.env system property was: null 
13:57:28.912 [main] INFO  com.intuit.karate - karate.env system property was: null 
13:57:28.934 [main] INFO  com.intuit.karate - karate.env system property was: null 
13:57:28.953 [main] INFO  com.intuit.karate - karate.env system property was: null 
13:57:28.973 [main] INFO  com.intuit.karate - karate.env system property was: null 
13:57:28.992 [main] ERROR com.intuit.karate - classpath:conduitApp/feature/WorkWithDB.feature:48
And match level.maxLvl == '150'
match failed: EQUALS
  $ | not equal (STRING:STRING)
  '165'
  '150'

classpath:conduitApp/feature/WorkWithDB.feature:48
13:57:28.996 [main] INFO  com.intuit.karate - karate.env system property was: null 
13:57:29.021 [main] INFO  com.intuit.karate - karate.env system property was: null 
13:57:29.045 [main] INFO  com.intuit.karate - karate.env system property was: null 
13:57:29.066 [main] INFO  com.intuit.karate - karate.env system property was: null 
13:57:29.087 [main] INFO  com.intuit.karate - karate.env system property was: null 
13:57:29.107 [main] INFO  com.intuit.karate - karate.env system property was: null 
---------------------------------------------------------
feature: classpath:conduitApp/feature/WorkWithDB.feature
scenarios: 17 | passed: 16 | failed:  1 | time: 0.7642
---------------------------------------------------------

13:57:29.206 [main] INFO  com.intuit.karate.Suite - <<fail>> feature 6 of 7 (0 remaining) classpath:conduitApp/feature/WorkWithDB.feature
13:57:29.208 [main] INFO  com.intuit.karate - karate.env system property was: null 
13:57:29.231 [main] INFO  com.intuit.karate - >> lock acquired, begin callonce: read('classpath:helpers/CreateToken.feature') {"email": "SpencerH1417@gmail.com","password": "Corncake21"}
13:57:29.470 [main] INFO  com.intuit.karate - << lock released, cached callonce: read('classpath:helpers/CreateToken.feature') {"email": "SpencerH1417@gmail.com","password": "Corncake21"}
---------------------------------------------------------
feature: classpath:conduitApp/performance/createArticle.feature
scenarios:  1 | passed:  1 | failed:  0 | time: 0.6184
---------------------------------------------------------

13:57:29.892 [main] INFO  com.intuit.karate.Suite - <<pass>> feature 7 of 7 (0 remaining) classpath:conduitApp/performance/createArticle.feature
Karate version: 1.3.1
======================================================
elapsed:  18.88 | threads:    1 | thread time: 15.80 
features:     7 | skipped:    0 | efficiency: 0.84
scenarios:   38 | passed:    37 | failed: 1
======================================================
>>> failed features:
match failed: EQUALS
  $ | not equal (STRING:STRING)
  '165'
  '150'

classpath:conduitApp/feature/WorkWithDB.feature:48
<<<

HTML report: (paste into browser to view) | Karate version: 1.3.1
file:///Users/shardin10/GITHUBKARATE/KarateUdemy/target/karate-reports/karate-summary.html
===================================================================

]]></system-out>
    <system-err><![CDATA[com.microsoft.sqlserver.jdbc.SQLServerException: Cannot insert the value NULL into column 'stor_id', table 'Pubs.dbo.stores'; column does not allow nulls. INSERT fails.
	at com.microsoft.sqlserver.jdbc.SQLServerException.makeFromDatabaseError(SQLServerException.java:262)
	at com.microsoft.sqlserver.jdbc.TDSTokenHandler.onEOF(tdsparser.java:283)
	at com.microsoft.sqlserver.jdbc.TDSParser.parse(tdsparser.java:129)
	at com.microsoft.sqlserver.jdbc.SQLServerStatement.getNextResult(SQLServerStatement.java:1628)
	at com.microsoft.sqlserver.jdbc.SQLServerStatement.doExecuteStatement(SQLServerStatement.java:872)
	at com.microsoft.sqlserver.jdbc.SQLServerStatement$StmtExecCmd.doExecute(SQLServerStatement.java:767)
	at com.microsoft.sqlserver.jdbc.TDSCommand.execute(IOBuffer.java:7375)
	at com.microsoft.sqlserver.jdbc.SQLServerConnection.executeCommand(SQLServerConnection.java:3206)
	at com.microsoft.sqlserver.jdbc.SQLServerStatement.executeCommand(SQLServerStatement.java:247)
	at com.microsoft.sqlserver.jdbc.SQLServerStatement.executeStatement(SQLServerStatement.java:222)
	at com.microsoft.sqlserver.jdbc.SQLServerStatement.execute(SQLServerStatement.java:743)
	at helpers.DbHandler.addNewStoreAndLocation(DbHandler.java:38)
	at com.oracle.truffle.host.HostMethodDesc$SingleMethod$MHBase.invokeHandle(HostMethodDesc.java:331)
	at com.oracle.truffle.host.GuestToHostCodeCache$1.executeImpl(GuestToHostCodeCache.java:96)
	at com.oracle.truffle.host.GuestToHostRootNode.execute(GuestToHostRootNode.java:80)
	at com.oracle.truffle.api.impl.DefaultCallTarget.callDirectOrIndirect(DefaultCallTarget.java:85)
	at com.oracle.truffle.api.impl.DefaultRuntimeAccessor$DefaultRuntimeSupport.callInlined(DefaultRuntimeAccessor.java:160)
	at com.oracle.truffle.host.GuestToHostRootNode.guestToHostCall(GuestToHostRootNode.java:102)
	at com.oracle.truffle.host.HostMethodDesc$SingleMethod$MHBase.invokeGuestToHost(HostMethodDesc.java:362)
	at com.oracle.truffle.host.HostExecuteNode.doInvoke(HostExecuteNode.java:871)
	at com.oracle.truffle.host.HostExecuteNode.doFixed(HostExecuteNode.java:137)
	at com.oracle.truffle.host.HostExecuteNodeGen.executeAndSpecialize(HostExecuteNodeGen.java:143)
	at com.oracle.truffle.host.HostExecuteNodeGen.execute(HostExecuteNodeGen.java:96)
	at com.oracle.truffle.host.HostObject.invokeMember(HostObject.java:451)
	at com.oracle.truffle.host.HostObjectGen$InteropLibraryExports$Cached.invokeMemberNode_AndSpecialize(HostObjectGen.java:2695)
	at com.oracle.truffle.host.HostObjectGen$InteropLibraryExports$Cached.invokeMember(HostObjectGen.java:2677)
	at com.oracle.truffle.api.interop.InteropLibrary$Asserts.invokeMember(InteropLibrary.java:3411)
	at com.oracle.truffle.api.interop.InteropLibraryGen$CachedDispatch.invokeMember(InteropLibraryGen.java:8134)
	at com.oracle.truffle.js.nodes.function.JSFunctionCallNode$ForeignInvokeNode.executeCall(JSFunctionCallNode.java:1496)
	at com.oracle.truffle.js.nodes.function.JSFunctionCallNode.executeAndSpecialize(JSFunctionCallNode.java:303)
	at com.oracle.truffle.js.nodes.function.JSFunctionCallNode.executeCall(JSFunctionCallNode.java:248)
	at com.oracle.truffle.js.nodes.function.JSFunctionCallNode$InvokeNode.execute(JSFunctionCallNode.java:732)
	at com.oracle.truffle.js.nodes.access.JSWriteCurrentFrameSlotNodeGen.execute_generic4(JSWriteCurrentFrameSlotNodeGen.java:162)
	at com.oracle.truffle.js.nodes.access.JSWriteCurrentFrameSlotNodeGen.execute(JSWriteCurrentFrameSlotNodeGen.java:85)
	at com.oracle.truffle.js.nodes.access.JSWriteCurrentFrameSlotNodeGen.executeVoid(JSWriteCurrentFrameSlotNodeGen.java:316)
	at com.oracle.truffle.js.nodes.binary.DualNode.execute(DualNode.java:124)
	at com.oracle.truffle.js.nodes.function.FunctionBodyNode.execute(FunctionBodyNode.java:73)
	at com.oracle.truffle.js.nodes.function.FunctionRootNode.executeInRealm(FunctionRootNode.java:143)
	at com.oracle.truffle.js.runtime.JavaScriptRealmBoundaryRootNode.execute(JavaScriptRealmBoundaryRootNode.java:92)
	at com.oracle.truffle.api.impl.DefaultCallTarget.callDirectOrIndirect(DefaultCallTarget.java:85)
	at com.oracle.truffle.api.impl.DefaultDirectCallNode.call(DefaultDirectCallNode.java:59)
	at com.oracle.truffle.js.lang.JavaScriptLanguage$ParsedProgramRoot.execute(JavaScriptLanguage.java:240)
	at com.oracle.truffle.api.impl.DefaultCallTarget.callDirectOrIndirect(DefaultCallTarget.java:85)
	at com.oracle.truffle.api.impl.DefaultCallTarget.call(DefaultCallTarget.java:102)
	at com.oracle.truffle.polyglot.PolyglotContextImpl.eval(PolyglotContextImpl.java:1296)
	at com.oracle.truffle.polyglot.PolyglotContextDispatch.eval(PolyglotContextDispatch.java:63)
	at org.graalvm.polyglot.Context.eval(Context.java:399)
	at org.graalvm.polyglot.Context.eval(Context.java:425)
	at com.intuit.karate.graal.JsEngine.evalForValue(JsEngine.java:139)
	at com.intuit.karate.graal.JsEngine.eval(JsEngine.java:135)
	at com.intuit.karate.core.ScenarioEngine.evalJs(ScenarioEngine.java:1190)
	at com.intuit.karate.ScenarioActions.eval(ScenarioActions.java:376)
	at java.base/jdk.internal.reflect.NativeMethodAccessorImpl.invoke0(Native Method)
	at java.base/jdk.internal.reflect.NativeMethodAccessorImpl.invoke(NativeMethodAccessorImpl.java:62)
	at java.base/jdk.internal.reflect.DelegatingMethodAccessorImpl.invoke(DelegatingMethodAccessorImpl.java:43)
	at java.base/java.lang.reflect.Method.invoke(Method.java:566)
	at com.intuit.karate.core.StepRuntime.execute(StepRuntime.java:296)
	at com.intuit.karate.core.ScenarioRuntime.execute(ScenarioRuntime.java:449)
	at com.intuit.karate.core.ScenarioRuntime.run(ScenarioRuntime.java:400)
	at com.intuit.karate.core.FeatureRuntime.processScenario(FeatureRuntime.java:199)
	at java.base/java.util.Iterator.forEachRemaining(Iterator.java:133)
	at com.intuit.karate.core.FeatureRuntime.run(FeatureRuntime.java:182)
	at java.base/java.util.concurrent.Executors$RunnableAdapter.call(Executors.java:515)
	at java.base/java.util.concurrent.FutureTask.run(FutureTask.java:264)
	at com.intuit.karate.core.SyncExecutorService.execute(SyncExecutorService.java:70)
	at java.base/java.util.concurrent.AbstractExecutorService.submit(AbstractExecutorService.java:118)
	at com.intuit.karate.Suite.run(Suite.java:237)
	at com.intuit.karate.Runner$Builder.parallel(Runner.java:496)
	at conduitApp.ConduitTest.testParallel(ConduitTest.java:25)
	at java.base/jdk.internal.reflect.NativeMethodAccessorImpl.invoke0(Native Method)
	at java.base/jdk.internal.reflect.NativeMethodAccessorImpl.invoke(NativeMethodAccessorImpl.java:62)
	at java.base/jdk.internal.reflect.DelegatingMethodAccessorImpl.invoke(DelegatingMethodAccessorImpl.java:43)
	at java.base/java.lang.reflect.Method.invoke(Method.java:566)
	at org.junit.platform.commons.util.ReflectionUtils.invokeMethod(ReflectionUtils.java:688)
	at org.junit.jupiter.engine.execution.MethodInvocation.proceed(MethodInvocation.java:60)
	at org.junit.jupiter.engine.execution.InvocationInterceptorChain$ValidatingInvocation.proceed(InvocationInterceptorChain.java:131)
	at org.junit.jupiter.engine.extension.TimeoutExtension.intercept(TimeoutExtension.java:149)
	at org.junit.jupiter.engine.extension.TimeoutExtension.interceptTestableMethod(TimeoutExtension.java:140)
	at org.junit.jupiter.engine.extension.TimeoutExtension.interceptTestMethod(TimeoutExtension.java:84)
	at org.junit.jupiter.engine.execution.ExecutableInvoker$ReflectiveInterceptorCall.lambda$ofVoidMethod$0(ExecutableInvoker.java:115)
	at org.junit.jupiter.engine.execution.ExecutableInvoker.lambda$invoke$0(ExecutableInvoker.java:105)
	at org.junit.jupiter.engine.execution.InvocationInterceptorChain$InterceptedInvocation.proceed(InvocationInterceptorChain.java:106)
	at org.junit.jupiter.engine.execution.InvocationInterceptorChain.proceed(InvocationInterceptorChain.java:64)
	at org.junit.jupiter.engine.execution.InvocationInterceptorChain.chainAndInvoke(InvocationInterceptorChain.java:45)
	at org.junit.jupiter.engine.execution.InvocationInterceptorChain.invoke(InvocationInterceptorChain.java:37)
	at org.junit.jupiter.engine.execution.ExecutableInvoker.invoke(ExecutableInvoker.java:104)
	at org.junit.jupiter.engine.execution.ExecutableInvoker.invoke(ExecutableInvoker.java:98)
	at org.junit.jupiter.engine.descriptor.TestMethodTestDescriptor.lambda$invokeTestMethod$6(TestMethodTestDescriptor.java:210)
	at org.junit.platform.engine.support.hierarchical.ThrowableCollector.execute(ThrowableCollector.java:73)
	at org.junit.jupiter.engine.descriptor.TestMethodTestDescriptor.invokeTestMethod(TestMethodTestDescriptor.java:206)
	at org.junit.jupiter.engine.descriptor.TestMethodTestDescriptor.execute(TestMethodTestDescriptor.java:131)
	at org.junit.jupiter.engine.descriptor.TestMethodTestDescriptor.execute(TestMethodTestDescriptor.java:65)
	at org.junit.platform.engine.support.hierarchical.NodeTestTask.lambda$executeRecursively$5(NodeTestTask.java:139)
	at org.junit.platform.engine.support.hierarchical.ThrowableCollector.execute(ThrowableCollector.java:73)
	at org.junit.platform.engine.support.hierarchical.NodeTestTask.lambda$executeRecursively$7(NodeTestTask.java:129)
	at org.junit.platform.engine.support.hierarchical.Node.around(Node.java:137)
	at org.junit.platform.engine.support.hierarchical.NodeTestTask.lambda$executeRecursively$8(NodeTestTask.java:127)
	at org.junit.platform.engine.support.hierarchical.ThrowableCollector.execute(ThrowableCollector.java:73)
	at org.junit.platform.engine.support.hierarchical.NodeTestTask.executeRecursively(NodeTestTask.java:126)
	at org.junit.platform.engine.support.hierarchical.NodeTestTask.execute(NodeTestTask.java:84)
	at java.base/java.util.ArrayList.forEach(ArrayList.java:1541)
	at org.junit.platform.engine.support.hierarchical.SameThreadHierarchicalTestExecutorService.invokeAll(SameThreadHierarchicalTestExecutorService.java:38)
	at org.junit.platform.engine.support.hierarchical.NodeTestTask.lambda$executeRecursively$5(NodeTestTask.java:143)
	at org.junit.platform.engine.support.hierarchical.ThrowableCollector.execute(ThrowableCollector.java:73)
	at org.junit.platform.engine.support.hierarchical.NodeTestTask.lambda$executeRecursively$7(NodeTestTask.java:129)
	at org.junit.platform.engine.support.hierarchical.Node.around(Node.java:137)
	at org.junit.platform.engine.support.hierarchical.NodeTestTask.lambda$executeRecursively$8(NodeTestTask.java:127)
	at org.junit.platform.engine.support.hierarchical.ThrowableCollector.execute(ThrowableCollector.java:73)
	at org.junit.platform.engine.support.hierarchical.NodeTestTask.executeRecursively(NodeTestTask.java:126)
	at org.junit.platform.engine.support.hierarchical.NodeTestTask.execute(NodeTestTask.java:84)
	at java.base/java.util.ArrayList.forEach(ArrayList.java:1541)
	at org.junit.platform.engine.support.hierarchical.SameThreadHierarchicalTestExecutorService.invokeAll(SameThreadHierarchicalTestExecutorService.java:38)
	at org.junit.platform.engine.support.hierarchical.NodeTestTask.lambda$executeRecursively$5(NodeTestTask.java:143)
	at org.junit.platform.engine.support.hierarchical.ThrowableCollector.execute(ThrowableCollector.java:73)
	at org.junit.platform.engine.support.hierarchical.NodeTestTask.lambda$executeRecursively$7(NodeTestTask.java:129)
	at org.junit.platform.engine.support.hierarchical.Node.around(Node.java:137)
	at org.junit.platform.engine.support.hierarchical.NodeTestTask.lambda$executeRecursively$8(NodeTestTask.java:127)
	at org.junit.platform.engine.support.hierarchical.ThrowableCollector.execute(ThrowableCollector.java:73)
	at org.junit.platform.engine.support.hierarchical.NodeTestTask.executeRecursively(NodeTestTask.java:126)
	at org.junit.platform.engine.support.hierarchical.NodeTestTask.execute(NodeTestTask.java:84)
	at org.junit.platform.engine.support.hierarchical.SameThreadHierarchicalTestExecutorService.submit(SameThreadHierarchicalTestExecutorService.java:32)
	at org.junit.platform.engine.support.hierarchical.HierarchicalTestExecutor.execute(HierarchicalTestExecutor.java:57)
	at org.junit.platform.engine.support.hierarchical.HierarchicalTestEngine.execute(HierarchicalTestEngine.java:51)
	at org.junit.platform.launcher.core.DefaultLauncher.execute(DefaultLauncher.java:220)
	at org.junit.platform.launcher.core.DefaultLauncher.lambda$execute$6(DefaultLauncher.java:188)
	at org.junit.platform.launcher.core.DefaultLauncher.withInterceptedStreams(DefaultLauncher.java:202)
	at org.junit.platform.launcher.core.DefaultLauncher.execute(DefaultLauncher.java:181)
	at org.junit.platform.launcher.core.DefaultLauncher.execute(DefaultLauncher.java:128)
	at org.apache.maven.surefire.junitplatform.JUnitPlatformProvider.invokeAllTests(JUnitPlatformProvider.java:150)
	at org.apache.maven.surefire.junitplatform.JUnitPlatformProvider.invoke(JUnitPlatformProvider.java:124)
	at org.apache.maven.surefire.booter.ForkedBooter.invokeProviderInSameClassLoader(ForkedBooter.java:384)
	at org.apache.maven.surefire.booter.ForkedBooter.runSuitesInProcess(ForkedBooter.java:345)
	at org.apache.maven.surefire.booter.ForkedBooter.execute(ForkedBooter.java:126)
	at org.apache.maven.surefire.booter.ForkedBooter.main(ForkedBooter.java:418)
Sep 29, 2023 1:57:30 PM net.masterthought.cucumber.ReportParser parseJsonFiles
INFO: File '/Users/shardin10/GITHUBKARATE/KarateUdemy/target/karate-reports/conduitApp.feature.Articles.json' contains 1 features
Sep 29, 2023 1:57:30 PM net.masterthought.cucumber.ReportParser parseJsonFiles
INFO: File '/Users/shardin10/GITHUBKARATE/KarateUdemy/target/karate-reports/conduitApp.feature.HomePage.json' contains 1 features
Sep 29, 2023 1:57:30 PM net.masterthought.cucumber.ReportParser parseJsonFiles
INFO: File '/Users/shardin10/GITHUBKARATE/KarateUdemy/target/karate-reports/conduitApp.feature.Favorites.json' contains 1 features
Sep 29, 2023 1:57:30 PM net.masterthought.cucumber.ReportParser parseJsonFiles
INFO: File '/Users/shardin10/GITHUBKARATE/KarateUdemy/target/karate-reports/conduitApp.performance.createArticle.json' contains 1 features
Sep 29, 2023 1:57:30 PM net.masterthought.cucumber.ReportParser parseJsonFiles
INFO: File '/Users/shardin10/GITHUBKARATE/KarateUdemy/target/karate-reports/conduitApp.feature.Hooks.json' contains 1 features
Sep 29, 2023 1:57:30 PM net.masterthought.cucumber.ReportParser parseJsonFiles
INFO: File '/Users/shardin10/GITHUBKARATE/KarateUdemy/target/karate-reports/conduitApp.feature.SignUp.json' contains 1 features
Sep 29, 2023 1:57:30 PM net.masterthought.cucumber.ReportParser parseJsonFiles
INFO: File '/Users/shardin10/GITHUBKARATE/KarateUdemy/target/karate-reports/conduitApp.feature.WorkWithDB.json' contains 1 features
]]></system-err>
  </testcase>
</testsuite>